<?xml version="1.0" encoding="UTF-8"?>
<!-- Generated by org.testng.reporters.JUnitXMLReporter -->
<testsuite ignored="3" hostname="MohammadAbusalha" failures="0" tests="10" name="Default test" time="50.749" errors="0" timestamp="2025-09-14T22:52:46 EET">
  <testcase classname="Automation.TestCases" name="addItemes" time="2.473"/>
  <testcase classname="Automation.TestCases" name="addItemes" time="5.658"/>
  <testcase classname="Automation.TestCases" name="addItemes" time="2.356"/>
  <testcase classname="Automation.TestCases" name="addItemes" time="2.164"/>
  <testcase classname="Automation.TestCases" name="addItemes" time="6.444"/>
  <testcase classname="Automation.TestCases" name="addItemes" time="6.809"/>
  <testcase classname="Automation.TestCases" name="addItemes" time="6.175"/>
  <testcase classname="Automation.TestCases" name="addItemes" time="2.209"/>
  <testcase classname="Automation.TestCases" name="addItemes" time="6.835"/>
  <testcase classname="Automation.TestCases" name="addItemes" time="6.324"/>
  <testcase classname="Automation.TestCases" name="LogoutTest" time="0.0">
    <ignored/>
  </testcase> <!-- LogoutTest -->
  <testcase classname="Automation.TestCases" name="signupTest" time="0.0">
    <ignored/>
  </testcase> <!-- signupTest -->
  <testcase classname="Automation.TestCases" name="LogInTest" time="0.0">
    <ignored/>
  </testcase> <!-- LogInTest -->
</testsuite> <!-- Default test -->
