<?xml version="1.0" encoding="UTF-8"?>
<!-- Generated by org.testng.reporters.JUnitXMLReporter -->
<testsuite ignored="3" hostname="MohammadAbusalha" failures="0" tests="10" name="Default test" time="42.535" errors="0" timestamp="2025-09-14T00:57:10 EET">
  <testcase classname="Automation.TestCases" name="addItemes" time="3.562"/>
  <testcase classname="Automation.TestCases" name="addItemes" time="4.221"/>
  <testcase classname="Automation.TestCases" name="addItemes" time="3.429"/>
  <testcase classname="Automation.TestCases" name="addItemes" time="3.582"/>
  <testcase classname="Automation.TestCases" name="addItemes" time="4.874"/>
  <testcase classname="Automation.TestCases" name="addItemes" time="5.094"/>
  <testcase classname="Automation.TestCases" name="addItemes" time="4.088"/>
  <testcase classname="Automation.TestCases" name="addItemes" time="3.577"/>
  <testcase classname="Automation.TestCases" name="addItemes" time="3.639"/>
  <testcase classname="Automation.TestCases" name="addItemes" time="3.924"/>
  <testcase classname="Automation.TestCases" name="LogoutTest" time="0.0">
    <ignored/>
  </testcase> <!-- LogoutTest -->
  <testcase classname="Automation.TestCases" name="signupTest" time="0.0">
    <ignored/>
  </testcase> <!-- signupTest -->
  <testcase classname="Automation.TestCases" name="LogInTest" time="0.0">
    <ignored/>
  </testcase> <!-- LogInTest -->
</testsuite> <!-- Default test -->
