<?xml version="1.0" encoding="UTF-8"?>
<testng-results ignored="3" total="13" passed="10" failed="0" skipped="0">
  <reporter-output>
  </reporter-output>
  <suite started-at="2025-09-14T00:56:28 EET" name="Default suite" finished-at="2025-09-14T00:57:10 EET" duration-ms="42535">
    <groups>
    </groups>
    <test started-at="2025-09-14T00:56:28 EET" name="Default test" finished-at="2025-09-14T00:57:10 EET" duration-ms="42535">
      <class name="Automation.TestCases">
        <test-method is-config="true" signature="mysetup()[pri:0, instance:Automation.TestCases@26bab2f1]" started-at="2025-09-14T00:56:28 EET" name="mysetup" finished-at="2025-09-14T00:56:30 EET" duration-ms="2474" status="PASS">
          <reporter-output>
          </reporter-output>
        </test-method> <!-- mysetup -->
        <test-method signature="addItemes()[pri:4, instance:Automation.TestCases@26bab2f1]" started-at="2025-09-14T00:56:30 EET" name="addItemes" finished-at="2025-09-14T00:56:34 EET" duration-ms="3562" status="PASS">
          <reporter-output>
          </reporter-output>
        </test-method> <!-- addItemes -->
        <test-method signature="addItemes()[pri:4, instance:Automation.TestCases@26bab2f1]" started-at="2025-09-14T00:56:34 EET" name="addItemes" finished-at="2025-09-14T00:56:38 EET" duration-ms="4221" status="PASS">
          <reporter-output>
          </reporter-output>
        </test-method> <!-- addItemes -->
        <test-method signature="addItemes()[pri:4, instance:Automation.TestCases@26bab2f1]" started-at="2025-09-14T00:56:38 EET" name="addItemes" finished-at="2025-09-14T00:56:41 EET" duration-ms="3429" status="PASS">
          <reporter-output>
          </reporter-output>
        </test-method> <!-- addItemes -->
        <test-method signature="addItemes()[pri:4, instance:Automation.TestCases@26bab2f1]" started-at="2025-09-14T00:56:41 EET" name="addItemes" finished-at="2025-09-14T00:56:45 EET" duration-ms="3582" status="PASS">
          <reporter-output>
          </reporter-output>
        </test-method> <!-- addItemes -->
        <test-method signature="addItemes()[pri:4, instance:Automation.TestCases@26bab2f1]" started-at="2025-09-14T00:56:45 EET" name="addItemes" finished-at="2025-09-14T00:56:50 EET" duration-ms="4874" status="PASS">
          <reporter-output>
          </reporter-output>
        </test-method> <!-- addItemes -->
        <test-method signature="addItemes()[pri:4, instance:Automation.TestCases@26bab2f1]" started-at="2025-09-14T00:56:50 EET" name="addItemes" finished-at="2025-09-14T00:56:55 EET" duration-ms="5094" status="PASS">
          <reporter-output>
          </reporter-output>
        </test-method> <!-- addItemes -->
        <test-method signature="addItemes()[pri:4, instance:Automation.TestCases@26bab2f1]" started-at="2025-09-14T00:56:55 EET" name="addItemes" finished-at="2025-09-14T00:56:59 EET" duration-ms="4088" status="PASS">
          <reporter-output>
          </reporter-output>
        </test-method> <!-- addItemes -->
        <test-method signature="addItemes()[pri:4, instance:Automation.TestCases@26bab2f1]" started-at="2025-09-14T00:56:59 EET" name="addItemes" finished-at="2025-09-14T00:57:03 EET" duration-ms="3577" status="PASS">
          <reporter-output>
          </reporter-output>
        </test-method> <!-- addItemes -->
        <test-method signature="addItemes()[pri:4, instance:Automation.TestCases@26bab2f1]" started-at="2025-09-14T00:57:03 EET" name="addItemes" finished-at="2025-09-14T00:57:06 EET" duration-ms="3639" status="PASS">
          <reporter-output>
          </reporter-output>
        </test-method> <!-- addItemes -->
        <test-method signature="addItemes()[pri:4, instance:Automation.TestCases@26bab2f1]" started-at="2025-09-14T00:57:06 EET" name="addItemes" finished-at="2025-09-14T00:57:10 EET" duration-ms="3924" status="PASS">
          <reporter-output>
          </reporter-output>
        </test-method> <!-- addItemes -->
      </class> <!-- Automation.TestCases -->
    </test> <!-- Default test -->
  </suite> <!-- Default suite -->
</testng-results>
