<?xml version="1.0" encoding="UTF-8"?>
<testng-results ignored="3" total="13" passed="10" failed="0" skipped="0">
  <reporter-output>
  </reporter-output>
  <suite started-at="2025-09-14T22:51:55 EET" name="Default suite" finished-at="2025-09-14T22:52:46 EET" duration-ms="50749">
    <groups>
    </groups>
    <test started-at="2025-09-14T22:51:55 EET" name="Default test" finished-at="2025-09-14T22:52:46 EET" duration-ms="50749">
      <class name="Automation.TestCases">
        <test-method is-config="true" signature="mysetup()[pri:0, instance:Automation.TestCases@26bab2f1]" started-at="2025-09-14T22:51:55 EET" name="mysetup" finished-at="2025-09-14T22:51:58 EET" duration-ms="3242" status="PASS">
          <reporter-output>
          </reporter-output>
        </test-method> <!-- mysetup -->
        <test-method signature="addItemes()[pri:4, instance:Automation.TestCases@26bab2f1]" started-at="2025-09-14T22:51:58 EET" name="addItemes" finished-at="2025-09-14T22:52:01 EET" duration-ms="2473" status="PASS">
          <reporter-output>
          </reporter-output>
        </test-method> <!-- addItemes -->
        <test-method signature="addItemes()[pri:4, instance:Automation.TestCases@26bab2f1]" started-at="2025-09-14T22:52:01 EET" name="addItemes" finished-at="2025-09-14T22:52:07 EET" duration-ms="5658" status="PASS">
          <reporter-output>
          </reporter-output>
        </test-method> <!-- addItemes -->
        <test-method signature="addItemes()[pri:4, instance:Automation.TestCases@26bab2f1]" started-at="2025-09-14T22:52:07 EET" name="addItemes" finished-at="2025-09-14T22:52:09 EET" duration-ms="2356" status="PASS">
          <reporter-output>
          </reporter-output>
        </test-method> <!-- addItemes -->
        <test-method signature="addItemes()[pri:4, instance:Automation.TestCases@26bab2f1]" started-at="2025-09-14T22:52:09 EET" name="addItemes" finished-at="2025-09-14T22:52:11 EET" duration-ms="2164" status="PASS">
          <reporter-output>
          </reporter-output>
        </test-method> <!-- addItemes -->
        <test-method signature="addItemes()[pri:4, instance:Automation.TestCases@26bab2f1]" started-at="2025-09-14T22:52:11 EET" name="addItemes" finished-at="2025-09-14T22:52:18 EET" duration-ms="6444" status="PASS">
          <reporter-output>
          </reporter-output>
        </test-method> <!-- addItemes -->
        <test-method signature="addItemes()[pri:4, instance:Automation.TestCases@26bab2f1]" started-at="2025-09-14T22:52:18 EET" name="addItemes" finished-at="2025-09-14T22:52:24 EET" duration-ms="6809" status="PASS">
          <reporter-output>
          </reporter-output>
        </test-method> <!-- addItemes -->
        <test-method signature="addItemes()[pri:4, instance:Automation.TestCases@26bab2f1]" started-at="2025-09-14T22:52:24 EET" name="addItemes" finished-at="2025-09-14T22:52:30 EET" duration-ms="6175" status="PASS">
          <reporter-output>
          </reporter-output>
        </test-method> <!-- addItemes -->
        <test-method signature="addItemes()[pri:4, instance:Automation.TestCases@26bab2f1]" started-at="2025-09-14T22:52:30 EET" name="addItemes" finished-at="2025-09-14T22:52:33 EET" duration-ms="2209" status="PASS">
          <reporter-output>
          </reporter-output>
        </test-method> <!-- addItemes -->
        <test-method signature="addItemes()[pri:4, instance:Automation.TestCases@26bab2f1]" started-at="2025-09-14T22:52:33 EET" name="addItemes" finished-at="2025-09-14T22:52:40 EET" duration-ms="6835" status="PASS">
          <reporter-output>
          </reporter-output>
        </test-method> <!-- addItemes -->
        <test-method signature="addItemes()[pri:4, instance:Automation.TestCases@26bab2f1]" started-at="2025-09-14T22:52:40 EET" name="addItemes" finished-at="2025-09-14T22:52:46 EET" duration-ms="6324" status="PASS">
          <reporter-output>
          </reporter-output>
        </test-method> <!-- addItemes -->
      </class> <!-- Automation.TestCases -->
    </test> <!-- Default test -->
  </suite> <!-- Default suite -->
</testng-results>
